mobile/app/android/app/build/intermediates/manifest_merge_blame_file/debug/processDebugMainManifest/manifest-merger-blame-debug-report.txt
1<?xml version="1.0" encoding="utf-8"?>
2<manifest xmlns:android="http://schemas.android.com/apk/res/android"
3    package="io.ionic.starter"
4    android:versionCode="1"
5    android:versionName="1.0" >
6
7    <uses-sdk
8        android:minSdkVersion="24"
9        android:targetSdkVersion="36" />
10
11    <!-- Permissions -->
12
13    <uses-permission android:name="android.permission.INTERNET" />
13-->src\main\AndroidManifest.xml:40:5-67
13-->src\main\AndroidManifest.xml:40:22-64
14    <uses-permission android:name="android.permission.VIBRATE" />
14-->[:capacitor-haptics] AndroidManifest.xml:7:5-66
14-->[:capacitor-haptics] AndroidManifest.xml:7:22-63
15    <uses-permission android:name="android.permission.ACCESS_NETWORK_STATE" />
15-->[io.ionic.libs:iongeolocation-android:2.1.0] AndroidManifest.xml:7:5-79
15-->[io.ionic.libs:iongeolocation-android:2.1.0] AndroidManifest.xml:7:22-76
16
17    <permission
17-->[androidx.core:core:1.17.0] AndroidManifest.xml:22:5-24:47
18        android:name="io.ionic.starter.DYNAMIC_RECEIVER_NOT_EXPORTED_PERMISSION"
18-->[androidx.core:core:1.17.0] AndroidManifest.xml:23:9-81
19        android:protectionLevel="signature" />
19-->[androidx.core:core:1.17.0] AndroidManifest.xml:24:9-44
20
21    <uses-permission android:name="io.ionic.starter.DYNAMIC_RECEIVER_NOT_EXPORTED_PERMISSION" />
21-->[androidx.core:core:1.17.0] AndroidManifest.xml:26:5-97
21-->[androidx.core:core:1.17.0] AndroidManifest.xml:26:22-94
22
23    <application
23-->src\main\AndroidManifest.xml:4:5-36:19
24        android:allowBackup="true"
24-->src\main\AndroidManifest.xml:5:9-35
25        android:appComponentFactory="androidx.core.app.CoreComponentFactory"
25-->[androidx.core:core:1.17.0] AndroidManifest.xml:28:18-86
26        android:debuggable="true"
27        android:extractNativeLibs="false"
28        android:icon="@mipmap/ic_launcher"
28-->src\main\AndroidManifest.xml:6:9-43
29        android:label="@string/app_name"
29-->src\main\AndroidManifest.xml:7:9-41
30        android:roundIcon="@mipmap/ic_launcher_round"
30-->src\main\AndroidManifest.xml:8:9-54
31        android:supportsRtl="true"
31-->src\main\AndroidManifest.xml:9:9-35
32        android:theme="@style/AppTheme" >
32-->src\main\AndroidManifest.xml:10:9-40
33        <activity
33-->src\main\AndroidManifest.xml:12:9-25:20
34            android:name="io.ionic.starter.MainActivity"
34-->src\main\AndroidManifest.xml:14:13-41
35            android:configChanges="orientation|keyboardHidden|keyboard|screenSize|locale|smallestScreenSize|screenLayout|uiMode|navigation|density"
35-->src\main\AndroidManifest.xml:13:13-148
36            android:exported="true"
36-->src\main\AndroidManifest.xml:18:13-36
37            android:label="@string/title_activity_main"
37-->src\main\AndroidManifest.xml:15:13-56
38            android:launchMode="singleTask"
38-->src\main\AndroidManifest.xml:17:13-44
39            android:theme="@style/AppTheme.NoActionBarLaunch" >
39-->src\main\AndroidManifest.xml:16:13-62
40            <intent-filter>
40-->src\main\AndroidManifest.xml:20:13-23:29
41                <action android:name="android.intent.action.MAIN" />
41-->src\main\AndroidManifest.xml:21:17-69
41-->src\main\AndroidManifest.xml:21:25-66
42
43                <category android:name="android.intent.category.LAUNCHER" />
43-->src\main\AndroidManifest.xml:22:17-77
43-->src\main\AndroidManifest.xml:22:27-74
44            </intent-filter>
45        </activity>
46
47        <provider
48            android:name="androidx.core.content.FileProvider"
48-->src\main\AndroidManifest.xml:28:13-62
49            android:authorities="io.ionic.starter.fileprovider"
49-->src\main\AndroidManifest.xml:29:13-64
50            android:exported="false"
50-->src\main\AndroidManifest.xml:30:13-37
51            android:grantUriPermissions="true" >
51-->src\main\AndroidManifest.xml:31:13-47
52            <meta-data
52-->src\main\AndroidManifest.xml:32:13-34:64
53                android:name="android.support.FILE_PROVIDER_PATHS"
53-->src\main\AndroidManifest.xml:33:17-67
54                android:resource="@xml/file_paths" />
54-->src\main\AndroidManifest.xml:34:17-51
55        </provider>
56
57        <activity
57-->[com.google.android.gms:play-services-base:18.5.0] AndroidManifest.xml:5:9-173
58            android:name="com.google.android.gms.common.api.GoogleApiActivity"
58-->[com.google.android.gms:play-services-base:18.5.0] AndroidManifest.xml:5:19-85
59            android:exported="false"
59-->[com.google.android.gms:play-services-base:18.5.0] AndroidManifest.xml:5:146-170
60            android:theme="@android:style/Theme.Translucent.NoTitleBar" />
60-->[com.google.android.gms:play-services-base:18.5.0] AndroidManifest.xml:5:86-145
61
62        <provider
62-->[androidx.emoji2:emoji2:1.3.0] AndroidManifest.xml:24:9-32:20
63            android:name="androidx.startup.InitializationProvider"
63-->[androidx.emoji2:emoji2:1.3.0] AndroidManifest.xml:25:13-67
64            android:authorities="io.ionic.starter.androidx-startup"
64-->[androidx.emoji2:emoji2:1.3.0] AndroidManifest.xml:26:13-68
65            android:exported="false" >
65-->[androidx.emoji2:emoji2:1.3.0] AndroidManifest.xml:27:13-37
66            <meta-data
66-->[androidx.emoji2:emoji2:1.3.0] AndroidManifest.xml:29:13-31:52
67                android:name="androidx.emoji2.text.EmojiCompatInitializer"
67-->[androidx.emoji2:emoji2:1.3.0] AndroidManifest.xml:30:17-75
68                android:value="androidx.startup" />
68-->[androidx.emoji2:emoji2:1.3.0] AndroidManifest.xml:31:17-49
69            <meta-data
69-->[androidx.lifecycle:lifecycle-process:2.6.2] AndroidManifest.xml:29:13-31:52
70                android:name="androidx.lifecycle.ProcessLifecycleInitializer"
70-->[androidx.lifecycle:lifecycle-process:2.6.2] AndroidManifest.xml:30:17-78
71                android:value="androidx.startup" />
71-->[androidx.lifecycle:lifecycle-process:2.6.2] AndroidManifest.xml:31:17-49
72            <meta-data
72-->[androidx.profileinstaller:profileinstaller:1.4.0] AndroidManifest.xml:29:13-31:52
73                android:name="androidx.profileinstaller.ProfileInstallerInitializer"
73-->[androidx.profileinstaller:profileinstaller:1.4.0] AndroidManifest.xml:30:17-85
74                android:value="androidx.startup" />
74-->[androidx.profileinstaller:profileinstaller:1.4.0] AndroidManifest.xml:31:17-49
75        </provider>
76
77        <meta-data
77-->[com.google.android.gms:play-services-basement:18.4.0] AndroidManifest.xml:6:9-122
78            android:name="com.google.android.gms.version"
78-->[com.google.android.gms:play-services-basement:18.4.0] AndroidManifest.xml:6:20-65
79            android:value="@integer/google_play_services_version" />
79-->[com.google.android.gms:play-services-basement:18.4.0] AndroidManifest.xml:6:66-119
80
81        <receiver
81-->[androidx.profileinstaller:profileinstaller:1.4.0] AndroidManifest.xml:34:9-52:20
82            android:name="androidx.profileinstaller.ProfileInstallReceiver"
82-->[androidx.profileinstaller:profileinstaller:1.4.0] AndroidManifest.xml:35:13-76
83            android:directBootAware="false"
83-->[androidx.profileinstaller:profileinstaller:1.4.0] AndroidManifest.xml:36:13-44
84            android:enabled="true"
84-->[androidx.profileinstaller:profileinstaller:1.4.0] AndroidManifest.xml:37:13-35
85            android:exported="true"
85-->[androidx.profileinstaller:profileinstaller:1.4.0] AndroidManifest.xml:38:13-36
86            android:permission="android.permission.DUMP" >
86-->[androidx.profileinstaller:profileinstaller:1.4.0] AndroidManifest.xml:39:13-57
87            <intent-filter>
87-->[androidx.profileinstaller:profileinstaller:1.4.0] AndroidManifest.xml:40:13-42:29
88                <action android:name="androidx.profileinstaller.action.INSTALL_PROFILE" />
88-->[androidx.profileinstaller:profileinstaller:1.4.0] AndroidManifest.xml:41:17-91
88-->[androidx.profileinstaller:profileinstaller:1.4.0] AndroidManifest.xml:41:25-88
89            </intent-filter>
90            <intent-filter>
90-->[androidx.profileinstaller:profileinstaller:1.4.0] AndroidManifest.xml:43:13-45:29
91                <action android:name="androidx.profileinstaller.action.SKIP_FILE" />
91-->[androidx.profileinstaller:profileinstaller:1.4.0] AndroidManifest.xml:44:17-85
91-->[androidx.profileinstaller:profileinstaller:1.4.0] AndroidManifest.xml:44:25-82
92            </intent-filter>
93            <intent-filter>
93-->[androidx.profileinstaller:profileinstaller:1.4.0] AndroidManifest.xml:46:13-48:29
94                <action android:name="androidx.profileinstaller.action.SAVE_PROFILE" />
94-->[androidx.profileinstaller:profileinstaller:1.4.0] AndroidManifest.xml:47:17-88
94-->[androidx.profileinstaller:profileinstaller:1.4.0] AndroidManifest.xml:47:25-85
95            </intent-filter>
96            <intent-filter>
96-->[androidx.profileinstaller:profileinstaller:1.4.0] AndroidManifest.xml:49:13-51:29
97                <action android:name="androidx.profileinstaller.action.BENCHMARK_OPERATION" />
97-->[androidx.profileinstaller:profileinstaller:1.4.0] AndroidManifest.xml:50:17-95
97-->[androidx.profileinstaller:profileinstaller:1.4.0] AndroidManifest.xml:50:25-92
98            </intent-filter>
99        </receiver>
100    </application>
101
102</manifest>